android/app/build/intermediates/manifest_merge_blame_file/release/manifest-merger-blame-release-report.txt
1<?xml version="1.0" encoding="utf-8"?>
2<manifest xmlns:android="http://schemas.android.com/apk/res/android"
3    package="com.app.upfrica"
4    android:versionCode="12"
5    android:versionName="1.11" >
6
7    <uses-sdk
8        android:minSdkVersion="21"
8-->src/main/AndroidManifest.xml
9        android:targetSdkVersion="33" />
9-->src/main/AndroidManifest.xml
10
11    <uses-permission android:name="android.permission.INTERNET" />
11-->src/main/AndroidManifest.xml:3:5-67
11-->src/main/AndroidManifest.xml:3:22-64
12    <uses-permission android:name="android.permission.CAMERA" />
12-->src/main/AndroidManifest.xml:4:5-64
12-->src/main/AndroidManifest.xml:4:22-62
13    <uses-permission android:name="android.permission.READ_EXTERNAL_STORAGE" />
13-->src/main/AndroidManifest.xml:5:5-80
13-->src/main/AndroidManifest.xml:5:22-77
14    <uses-permission android:name="android.permission.WRITE_EXTERNAL_STORAGE" />
14-->src/main/AndroidManifest.xml:6:5-80
14-->src/main/AndroidManifest.xml:6:22-78
15    <!-- See https://developer.android.com/training/package-visibility/declaring for more details. -->
16    <queries>
16-->[com.stripe:financial-connections:20.29.2] AndroidManifest.xml:10:5-18:15
17
18        <!-- Added to check the default browser that will host the AuthFlow. -->
19        <intent>
19-->[com.stripe:financial-connections:20.29.2] AndroidManifest.xml:13:9-17:18
20            <action android:name="android.intent.action.VIEW" />
20-->[com.stripe:link:20.29.2] AndroidManifest.xml:21:17-69
20-->[com.stripe:link:20.29.2] AndroidManifest.xml:21:25-66
21
22            <data android:scheme="http" />
22-->[com.stripe:link:20.29.2] AndroidManifest.xml:26:17-29:51
22-->[com.stripe:link:20.29.2] AndroidManifest.xml:29:21-48
23        </intent>
24        <!-- Added to check if Chrome is installed for browser-based payment authentication (e.g. 3DS1). -->
25        <package android:name="com.android.chrome" /> <!-- Needs to be explicitly declared on Android R+ -->
25-->[com.stripe:payments-core:20.29.2] AndroidManifest.xml:11:9-54
25-->[com.stripe:payments-core:20.29.2] AndroidManifest.xml:11:18-51
26        <package android:name="com.google.android.apps.maps" />
26-->[com.google.android.gms:play-services-maps:18.0.2] AndroidManifest.xml:33:9-64
26-->[com.google.android.gms:play-services-maps:18.0.2] AndroidManifest.xml:33:18-61
27    </queries>
28
29    <uses-permission android:name="android.permission.VIBRATE" /> <!-- Include required permissions for Google Maps API to run. -->
29-->[co.paystack.android.design.widget:pinpad:1.0.8] AndroidManifest.xml:11:5-66
29-->[co.paystack.android.design.widget:pinpad:1.0.8] AndroidManifest.xml:11:22-63
30    <uses-permission android:name="android.permission.ACCESS_NETWORK_STATE" />
30-->[com.google.android.gms:play-services-maps:18.0.2] AndroidManifest.xml:23:5-79
30-->[com.google.android.gms:play-services-maps:18.0.2] AndroidManifest.xml:23:22-76
31
32    <uses-feature
32-->[com.google.android.gms:play-services-maps:18.0.2] AndroidManifest.xml:26:5-28:35
33        android:glEsVersion="0x00020000"
33-->[com.google.android.gms:play-services-maps:18.0.2] AndroidManifest.xml:27:9-41
34        android:required="true" />
34-->[com.google.android.gms:play-services-maps:18.0.2] AndroidManifest.xml:28:9-32
35
36    <uses-permission android:name="android.permission.WAKE_LOCK" />
36-->[androidx.work:work-runtime:2.7.1] AndroidManifest.xml:25:5-68
36-->[androidx.work:work-runtime:2.7.1] AndroidManifest.xml:25:22-65
37    <uses-permission android:name="android.permission.RECEIVE_BOOT_COMPLETED" />
37-->[androidx.work:work-runtime:2.7.1] AndroidManifest.xml:27:5-81
37-->[androidx.work:work-runtime:2.7.1] AndroidManifest.xml:27:22-78
38    <uses-permission android:name="android.permission.FOREGROUND_SERVICE" />
38-->[androidx.work:work-runtime:2.7.1] AndroidManifest.xml:28:5-77
38-->[androidx.work:work-runtime:2.7.1] AndroidManifest.xml:28:22-74
39
40    <permission
40-->[androidx.core:core:1.9.0] AndroidManifest.xml:22:5-24:47
41        android:name="com.app.upfrica.DYNAMIC_RECEIVER_NOT_EXPORTED_PERMISSION"
41-->[androidx.core:core:1.9.0] AndroidManifest.xml:23:9-81
42        android:protectionLevel="signature" />
42-->[androidx.core:core:1.9.0] AndroidManifest.xml:24:9-44
43
44    <uses-permission android:name="com.app.upfrica.DYNAMIC_RECEIVER_NOT_EXPORTED_PERMISSION" />
44-->[androidx.core:core:1.9.0] AndroidManifest.xml:26:5-97
44-->[androidx.core:core:1.9.0] AndroidManifest.xml:26:22-94
45
46    <application
46-->src/main/AndroidManifest.xml:8:5-31:19
47        android:name="com.app.upfrica.MainApplication"
47-->src/main/AndroidManifest.xml:9:7-38
48        android:allowBackup="false"
48-->src/main/AndroidManifest.xml:13:7-34
49        android:appComponentFactory="androidx.core.app.CoreComponentFactory"
49-->[androidx.core:core:1.9.0] AndroidManifest.xml:28:18-86
50        android:icon="@mipmap/ic_launcher"
50-->src/main/AndroidManifest.xml:11:7-41
51        android:label="@string/app_name"
51-->src/main/AndroidManifest.xml:10:7-39
52        android:roundIcon="@mipmap/ic_launcher_round"
52-->src/main/AndroidManifest.xml:12:7-52
53        android:supportsRtl="true"
53-->[:react-native-paystack] AndroidManifest.xml:13:9-35
54        android:theme="@style/AppTheme" >
54-->src/main/AndroidManifest.xml:14:7-38
55        <activity
55-->src/main/AndroidManifest.xml:15:7-26:18
56            android:name="com.app.upfrica.MainActivity"
56-->src/main/AndroidManifest.xml:16:9-37
57            android:configChanges="keyboard|keyboardHidden|orientation|screenLayout|screenSize|smallestScreenSize|uiMode"
57-->src/main/AndroidManifest.xml:18:9-118
58            android:exported="true"
58-->src/main/AndroidManifest.xml:21:9-32
59            android:label="@string/app_name"
59-->src/main/AndroidManifest.xml:17:9-41
60            android:launchMode="singleTask"
60-->src/main/AndroidManifest.xml:19:9-40
61            android:windowSoftInputMode="adjustResize" >
61-->src/main/AndroidManifest.xml:20:9-51
62            <intent-filter>
62-->src/main/AndroidManifest.xml:22:9-25:25
63                <action android:name="android.intent.action.MAIN" />
63-->src/main/AndroidManifest.xml:23:13-65
63-->src/main/AndroidManifest.xml:23:21-62
64
65                <category android:name="android.intent.category.LAUNCHER" />
65-->src/main/AndroidManifest.xml:24:13-73
65-->src/main/AndroidManifest.xml:24:23-70
66            </intent-filter>
67        </activity>
68
69        <meta-data
69-->src/main/AndroidManifest.xml:27:7-29:66
70            android:name="com.google.android.geo.API_KEY"
70-->src/main/AndroidManifest.xml:28:9-54
71            android:value="AIzaSyApb9gz4Oj-L0-xDAE7VYGaAu0LAMkf4EY" />
71-->src/main/AndroidManifest.xml:29:9-64
72
73        <uses-library
73-->src/main/AndroidManifest.xml:30:7-85
74            android:name="org.apache.http.legacy"
74-->src/main/AndroidManifest.xml:30:21-58
75            android:required="false" />
75-->src/main/AndroidManifest.xml:30:59-83
76
77        <provider
77-->[:react-native-image-picker] AndroidManifest.xml:10:9-18:20
78            android:name="com.imagepicker.ImagePickerProvider"
78-->[:react-native-image-picker] AndroidManifest.xml:11:13-63
79            android:authorities="com.app.upfrica.imagepickerprovider"
79-->[:react-native-image-picker] AndroidManifest.xml:12:13-71
80            android:exported="false"
80-->[:react-native-image-picker] AndroidManifest.xml:13:13-37
81            android:grantUriPermissions="true" >
81-->[:react-native-image-picker] AndroidManifest.xml:14:13-47
82            <meta-data
82-->[:react-native-image-picker] AndroidManifest.xml:15:13-17:70
83                android:name="android.support.FILE_PROVIDER_PATHS"
83-->[:react-native-image-picker] AndroidManifest.xml:16:17-67
84                android:resource="@xml/imagepicker_provider_paths" />
84-->[:react-native-image-picker] AndroidManifest.xml:17:17-67
85        </provider>
86
87        <activity
87-->[com.stripe:paymentsheet:20.29.2] AndroidManifest.xml:8:9-12:58
88            android:name="com.stripe.android.paymentsheet.PaymentSheetActivity"
88-->[com.stripe:paymentsheet:20.29.2] AndroidManifest.xml:9:13-80
89            android:exported="false"
89-->[com.stripe:paymentsheet:20.29.2] AndroidManifest.xml:10:13-37
90            android:theme="@style/StripePaymentSheetDefaultTheme"
90-->[com.stripe:paymentsheet:20.29.2] AndroidManifest.xml:11:13-66
91            android:windowSoftInputMode="adjustResize" />
91-->[com.stripe:paymentsheet:20.29.2] AndroidManifest.xml:12:13-55
92        <activity
92-->[com.stripe:paymentsheet:20.29.2] AndroidManifest.xml:13:9-17:58
93            android:name="com.stripe.android.paymentsheet.PaymentOptionsActivity"
93-->[com.stripe:paymentsheet:20.29.2] AndroidManifest.xml:14:13-82
94            android:exported="false"
94-->[com.stripe:paymentsheet:20.29.2] AndroidManifest.xml:15:13-37
95            android:theme="@style/StripePaymentSheetDefaultTheme"
95-->[com.stripe:paymentsheet:20.29.2] AndroidManifest.xml:16:13-66
96            android:windowSoftInputMode="adjustResize" />
96-->[com.stripe:paymentsheet:20.29.2] AndroidManifest.xml:17:13-55
97        <activity
97-->[com.stripe:paymentsheet:20.29.2] AndroidManifest.xml:18:9-22:58
98            android:name="com.stripe.android.customersheet.CustomerSheetActivity"
98-->[com.stripe:paymentsheet:20.29.2] AndroidManifest.xml:19:13-82
99            android:exported="false"
99-->[com.stripe:paymentsheet:20.29.2] AndroidManifest.xml:20:13-37
100            android:theme="@style/StripePaymentSheetDefaultTheme"
100-->[com.stripe:paymentsheet:20.29.2] AndroidManifest.xml:21:13-66
101            android:windowSoftInputMode="adjustResize" />
101-->[com.stripe:paymentsheet:20.29.2] AndroidManifest.xml:22:13-55
102        <activity
102-->[com.stripe:paymentsheet:20.29.2] AndroidManifest.xml:23:9-26:69
103            android:name="com.stripe.android.paymentsheet.addresselement.AddressElementActivity"
103-->[com.stripe:paymentsheet:20.29.2] AndroidManifest.xml:24:13-97
104            android:exported="false"
104-->[com.stripe:paymentsheet:20.29.2] AndroidManifest.xml:25:13-37
105            android:theme="@style/StripePaymentSheetDefaultTheme" />
105-->[com.stripe:paymentsheet:20.29.2] AndroidManifest.xml:26:13-66
106        <activity
106-->[com.stripe:paymentsheet:20.29.2] AndroidManifest.xml:27:9-30:69
107            android:name="com.stripe.android.paymentsheet.paymentdatacollection.polling.PollingActivity"
107-->[com.stripe:paymentsheet:20.29.2] AndroidManifest.xml:28:13-105
108            android:exported="false"
108-->[com.stripe:paymentsheet:20.29.2] AndroidManifest.xml:29:13-37
109            android:theme="@style/StripePaymentSheetDefaultTheme" />
109-->[com.stripe:paymentsheet:20.29.2] AndroidManifest.xml:30:13-66
110        <activity
110-->[com.stripe:link:20.29.2] AndroidManifest.xml:8:9-13:61
111            android:name="com.stripe.android.link.LinkForegroundActivity"
111-->[com.stripe:link:20.29.2] AndroidManifest.xml:9:13-74
112            android:autoRemoveFromRecents="true"
112-->[com.stripe:link:20.29.2] AndroidManifest.xml:10:13-49
113            android:configChanges="orientation|keyboard|keyboardHidden|screenLayout|screenSize|smallestScreenSize"
113-->[com.stripe:link:20.29.2] AndroidManifest.xml:11:13-115
114            android:launchMode="singleTop"
114-->[com.stripe:link:20.29.2] AndroidManifest.xml:12:13-43
115            android:theme="@style/StripeTransparentTheme" />
115-->[com.stripe:link:20.29.2] AndroidManifest.xml:13:13-58
116        <activity
116-->[com.stripe:link:20.29.2] AndroidManifest.xml:14:9-31:20
117            android:name="com.stripe.android.link.LinkRedirectHandlerActivity"
117-->[com.stripe:link:20.29.2] AndroidManifest.xml:15:13-79
118            android:autoRemoveFromRecents="true"
118-->[com.stripe:link:20.29.2] AndroidManifest.xml:16:13-49
119            android:exported="true"
119-->[com.stripe:link:20.29.2] AndroidManifest.xml:17:13-36
120            android:launchMode="singleInstance"
120-->[com.stripe:link:20.29.2] AndroidManifest.xml:18:13-48
121            android:theme="@style/StripeTransparentTheme" >
121-->[com.stripe:link:20.29.2] AndroidManifest.xml:19:13-58
122            <intent-filter>
122-->[com.stripe:link:20.29.2] AndroidManifest.xml:20:13-30:29
123                <action android:name="android.intent.action.VIEW" />
123-->[com.stripe:link:20.29.2] AndroidManifest.xml:21:17-69
123-->[com.stripe:link:20.29.2] AndroidManifest.xml:21:25-66
124
125                <category android:name="android.intent.category.DEFAULT" />
125-->[com.stripe:link:20.29.2] AndroidManifest.xml:23:17-76
125-->[com.stripe:link:20.29.2] AndroidManifest.xml:23:27-73
126                <category android:name="android.intent.category.BROWSABLE" />
126-->[com.stripe:link:20.29.2] AndroidManifest.xml:24:17-78
126-->[com.stripe:link:20.29.2] AndroidManifest.xml:24:27-75
127
128                <data
128-->[com.stripe:link:20.29.2] AndroidManifest.xml:26:17-29:51
129                    android:host="complete"
129-->[com.stripe:link:20.29.2] AndroidManifest.xml:27:21-44
130                    android:path="/com.app.upfrica"
130-->[com.stripe:link:20.29.2] AndroidManifest.xml:28:21-53
131                    android:scheme="link-popup" />
131-->[com.stripe:link:20.29.2] AndroidManifest.xml:29:21-48
132            </intent-filter>
133        </activity>
134        <activity
134-->[com.stripe:financial-connections:20.29.2] AndroidManifest.xml:21:9-65:20
135            android:name="com.stripe.android.financialconnections.FinancialConnectionsSheetRedirectActivity"
135-->[com.stripe:financial-connections:20.29.2] AndroidManifest.xml:22:13-109
136            android:exported="true"
136-->[com.stripe:financial-connections:20.29.2] AndroidManifest.xml:23:13-36
137            android:launchMode="singleTask" >
137-->[com.stripe:financial-connections:20.29.2] AndroidManifest.xml:24:13-44
138            <intent-filter>
138-->[com.stripe:financial-connections:20.29.2] AndroidManifest.xml:25:13-64:29
139                <action android:name="android.intent.action.VIEW" />
139-->[com.stripe:link:20.29.2] AndroidManifest.xml:21:17-69
139-->[com.stripe:link:20.29.2] AndroidManifest.xml:21:25-66
140
141                <category android:name="android.intent.category.DEFAULT" />
141-->[com.stripe:link:20.29.2] AndroidManifest.xml:23:17-76
141-->[com.stripe:link:20.29.2] AndroidManifest.xml:23:27-73
142                <category android:name="android.intent.category.BROWSABLE" />
142-->[com.stripe:link:20.29.2] AndroidManifest.xml:24:17-78
142-->[com.stripe:link:20.29.2] AndroidManifest.xml:24:27-75
143
144                <!-- Returning from app2app: return_url is triggered to reopen web AuthFlow and poll accounts. -->
145                <data
145-->[com.stripe:link:20.29.2] AndroidManifest.xml:26:17-29:51
146                    android:host="link-accounts"
146-->[com.stripe:link:20.29.2] AndroidManifest.xml:27:21-44
147                    android:pathPrefix="/com.app.upfrica/authentication_return"
148                    android:scheme="stripe-auth" />
148-->[com.stripe:link:20.29.2] AndroidManifest.xml:29:21-48
149
150                <!-- Returning from app2app: return_url is triggered to reopen native AuthFlow and poll accounts. -->
151                <data
151-->[com.stripe:link:20.29.2] AndroidManifest.xml:26:17-29:51
152                    android:host="link-native-accounts"
152-->[com.stripe:link:20.29.2] AndroidManifest.xml:27:21-44
153                    android:pathPrefix="/com.app.upfrica/authentication_return"
154                    android:scheme="stripe-auth" />
154-->[com.stripe:link:20.29.2] AndroidManifest.xml:29:21-48
155
156                <!-- End of web AuthFlow success and cancel URIs that begin with "stripe-auth://link-accounts/{app-id}/...” -->
157                <data
157-->[com.stripe:link:20.29.2] AndroidManifest.xml:26:17-29:51
158                    android:host="link-accounts"
158-->[com.stripe:link:20.29.2] AndroidManifest.xml:27:21-44
159                    android:path="/com.app.upfrica/success"
159-->[com.stripe:link:20.29.2] AndroidManifest.xml:28:21-53
160                    android:scheme="stripe-auth" />
160-->[com.stripe:link:20.29.2] AndroidManifest.xml:29:21-48
161                <data
161-->[com.stripe:link:20.29.2] AndroidManifest.xml:26:17-29:51
162                    android:host="link-accounts"
162-->[com.stripe:link:20.29.2] AndroidManifest.xml:27:21-44
163                    android:path="/com.app.upfrica/cancel"
163-->[com.stripe:link:20.29.2] AndroidManifest.xml:28:21-53
164                    android:scheme="stripe-auth" />
164-->[com.stripe:link:20.29.2] AndroidManifest.xml:29:21-48
165
166                <!-- Opening app2app: Web flow triggers stripe-auth://native-redirect/{app-id}/http://web-that-redirects-to-native -->
167                <data
167-->[com.stripe:link:20.29.2] AndroidManifest.xml:26:17-29:51
168                    android:host="native-redirect"
168-->[com.stripe:link:20.29.2] AndroidManifest.xml:27:21-44
169                    android:pathPrefix="/com.app.upfrica"
170                    android:scheme="stripe-auth" />
170-->[com.stripe:link:20.29.2] AndroidManifest.xml:29:21-48
171
172                <!-- Accepts success/cancel/fail URIs that begin with "stripe://auth-redirect” -->
173                <data
173-->[com.stripe:link:20.29.2] AndroidManifest.xml:26:17-29:51
174                    android:host="auth-redirect"
174-->[com.stripe:link:20.29.2] AndroidManifest.xml:27:21-44
175                    android:pathPrefix="/com.app.upfrica"
176                    android:scheme="stripe" />
176-->[com.stripe:link:20.29.2] AndroidManifest.xml:29:21-48
177            </intent-filter>
178        </activity>
179        <activity
179-->[com.stripe:financial-connections:20.29.2] AndroidManifest.xml:66:9-69:57
180            android:name="com.stripe.android.financialconnections.FinancialConnectionsSheetActivity"
180-->[com.stripe:financial-connections:20.29.2] AndroidManifest.xml:67:13-101
181            android:exported="false"
181-->[com.stripe:financial-connections:20.29.2] AndroidManifest.xml:68:13-37
182            android:theme="@style/StripeDefaultTheme" />
182-->[com.stripe:financial-connections:20.29.2] AndroidManifest.xml:69:13-54
183        <activity
183-->[com.stripe:financial-connections:20.29.2] AndroidManifest.xml:70:9-74:58
184            android:name="com.stripe.android.financialconnections.ui.FinancialConnectionsSheetNativeActivity"
184-->[com.stripe:financial-connections:20.29.2] AndroidManifest.xml:71:13-110
185            android:exported="false"
185-->[com.stripe:financial-connections:20.29.2] AndroidManifest.xml:72:13-37
186            android:theme="@style/StripeDefaultTheme"
186-->[com.stripe:financial-connections:20.29.2] AndroidManifest.xml:73:13-54
187            android:windowSoftInputMode="adjustResize" />
187-->[com.stripe:financial-connections:20.29.2] AndroidManifest.xml:74:13-55
188
189        <provider
189-->[com.stripe:financial-connections:20.29.2] AndroidManifest.xml:76:9-80:43
190            android:name="com.stripe.android.financialconnections.appinitializer.FinancialConnectionsInitializer"
190-->[com.stripe:financial-connections:20.29.2] AndroidManifest.xml:77:13-114
191            android:authorities="com.app.upfrica.financialconnections-init"
191-->[com.stripe:financial-connections:20.29.2] AndroidManifest.xml:78:13-77
192            android:exported="false"
192-->[com.stripe:financial-connections:20.29.2] AndroidManifest.xml:79:13-37
193            android:multiprocess="true" />
193-->[com.stripe:financial-connections:20.29.2] AndroidManifest.xml:80:13-40
194
195        <activity
195-->[co.paystack.android:paystack:3.1.3] AndroidManifest.xml:11:9-13:63
196            android:name="co.paystack.android.ui.PinActivity"
196-->[co.paystack.android:paystack:3.1.3] AndroidManifest.xml:12:13-62
197            android:theme="@style/Paystack.Dialog.PinEntry" />
197-->[co.paystack.android:paystack:3.1.3] AndroidManifest.xml:13:13-60
198        <activity
198-->[co.paystack.android:paystack:3.1.3] AndroidManifest.xml:14:9-16:63
199            android:name="co.paystack.android.ui.OtpActivity"
199-->[co.paystack.android:paystack:3.1.3] AndroidManifest.xml:15:13-62
200            android:theme="@style/Paystack.Dialog.OtpEntry" />
200-->[co.paystack.android:paystack:3.1.3] AndroidManifest.xml:16:13-60
201        <activity
201-->[co.paystack.android:paystack:3.1.3] AndroidManifest.xml:17:9-19:63
202            android:name="co.paystack.android.ui.AuthActivity"
202-->[co.paystack.android:paystack:3.1.3] AndroidManifest.xml:18:13-63
203            android:theme="@style/Paystack.Dialog.OtpEntry" />
203-->[co.paystack.android:paystack:3.1.3] AndroidManifest.xml:19:13-60
204        <activity
204-->[co.paystack.android:paystack:3.1.3] AndroidManifest.xml:20:9-22:64
205            android:name="co.paystack.android.ui.CardActivity"
205-->[co.paystack.android:paystack:3.1.3] AndroidManifest.xml:21:13-63
206            android:theme="@style/Paystack.Dialog.CardEntry" />
206-->[co.paystack.android:paystack:3.1.3] AndroidManifest.xml:22:13-61
207        <activity
207-->[co.paystack.android:paystack:3.1.3] AndroidManifest.xml:23:9-25:54
208            android:name="co.paystack.android.ui.AddressVerificationActivity"
208-->[co.paystack.android:paystack:3.1.3] AndroidManifest.xml:24:13-78
209            android:theme="@style/Paystack.Dialog" />
209-->[co.paystack.android:paystack:3.1.3] AndroidManifest.xml:25:13-51
210        <activity
210-->[com.stripe:payments-ui-core:20.29.2] AndroidManifest.xml:8:9-11:69
211            android:name="com.stripe.android.ui.core.cardscan.CardScanActivity"
211-->[com.stripe:payments-ui-core:20.29.2] AndroidManifest.xml:9:13-80
212            android:exported="false"
212-->[com.stripe:payments-ui-core:20.29.2] AndroidManifest.xml:10:13-37
213            android:theme="@style/StripePaymentSheetDefaultTheme" />
213-->[com.stripe:payments-ui-core:20.29.2] AndroidManifest.xml:11:13-66
214        <activity
214-->[com.stripe:payments-core:20.29.2] AndroidManifest.xml:15:9-18:57
215            android:name="com.stripe.android.view.AddPaymentMethodActivity"
215-->[com.stripe:payments-core:20.29.2] AndroidManifest.xml:16:13-76
216            android:exported="false"
216-->[com.stripe:payments-core:20.29.2] AndroidManifest.xml:17:13-37
217            android:theme="@style/StripeDefaultTheme" />
217-->[com.stripe:payments-core:20.29.2] AndroidManifest.xml:18:13-54
218        <activity
218-->[com.stripe:payments-core:20.29.2] AndroidManifest.xml:19:9-22:57
219            android:name="com.stripe.android.view.PaymentMethodsActivity"
219-->[com.stripe:payments-core:20.29.2] AndroidManifest.xml:20:13-74
220            android:exported="false"
220-->[com.stripe:payments-core:20.29.2] AndroidManifest.xml:21:13-37
221            android:theme="@style/StripeDefaultTheme" />
221-->[com.stripe:payments-core:20.29.2] AndroidManifest.xml:22:13-54
222        <activity
222-->[com.stripe:payments-core:20.29.2] AndroidManifest.xml:23:9-26:57
223            android:name="com.stripe.android.view.PaymentFlowActivity"
223-->[com.stripe:payments-core:20.29.2] AndroidManifest.xml:24:13-71
224            android:exported="false"
224-->[com.stripe:payments-core:20.29.2] AndroidManifest.xml:25:13-37
225            android:theme="@style/StripeDefaultTheme" />
225-->[com.stripe:payments-core:20.29.2] AndroidManifest.xml:26:13-54
226        <activity
226-->[com.stripe:payments-core:20.29.2] AndroidManifest.xml:27:9-31:58
227            android:name="com.stripe.android.view.PaymentAuthWebViewActivity"
227-->[com.stripe:payments-core:20.29.2] AndroidManifest.xml:28:13-78
228            android:exported="false"
228-->[com.stripe:payments-core:20.29.2] AndroidManifest.xml:29:13-37
229            android:theme="@style/StripeDefaultTheme"
229-->[com.stripe:payments-core:20.29.2] AndroidManifest.xml:30:13-54
230            android:windowSoftInputMode="adjustResize" />
230-->[com.stripe:payments-core:20.29.2] AndroidManifest.xml:31:13-55
231        <activity
231-->[com.stripe:payments-core:20.29.2] AndroidManifest.xml:32:9-35:61
232            android:name="com.stripe.android.view.PaymentRelayActivity"
232-->[com.stripe:payments-core:20.29.2] AndroidManifest.xml:33:13-72
233            android:exported="false"
233-->[com.stripe:payments-core:20.29.2] AndroidManifest.xml:34:13-37
234            android:theme="@style/StripeTransparentTheme" />
234-->[com.stripe:payments-core:20.29.2] AndroidManifest.xml:35:13-58
235        <!--
236        Set android:launchMode="singleTop" so that the StripeBrowserLauncherActivity instance that
237        launched the browser Activity will also handle the return URL deep link.
238        -->
239        <activity
239-->[com.stripe:payments-core:20.29.2] AndroidManifest.xml:41:9-45:61
240            android:name="com.stripe.android.payments.StripeBrowserLauncherActivity"
240-->[com.stripe:payments-core:20.29.2] AndroidManifest.xml:42:13-85
241            android:exported="false"
241-->[com.stripe:payments-core:20.29.2] AndroidManifest.xml:43:13-37
242            android:launchMode="singleTask"
242-->[com.stripe:payments-core:20.29.2] AndroidManifest.xml:44:13-44
243            android:theme="@style/StripeTransparentTheme" />
243-->[com.stripe:payments-core:20.29.2] AndroidManifest.xml:45:13-58
244        <activity
244-->[com.stripe:payments-core:20.29.2] AndroidManifest.xml:46:9-63:20
245            android:name="com.stripe.android.payments.StripeBrowserProxyReturnActivity"
245-->[com.stripe:payments-core:20.29.2] AndroidManifest.xml:47:13-88
246            android:exported="true"
246-->[com.stripe:payments-core:20.29.2] AndroidManifest.xml:48:13-36
247            android:launchMode="singleTask"
247-->[com.stripe:payments-core:20.29.2] AndroidManifest.xml:49:13-44
248            android:theme="@style/StripeTransparentTheme" >
248-->[com.stripe:payments-core:20.29.2] AndroidManifest.xml:50:13-58
249            <intent-filter>
249-->[com.stripe:payments-core:20.29.2] AndroidManifest.xml:51:13-62:29
250                <action android:name="android.intent.action.VIEW" />
250-->[com.stripe:link:20.29.2] AndroidManifest.xml:21:17-69
250-->[com.stripe:link:20.29.2] AndroidManifest.xml:21:25-66
251
252                <category android:name="android.intent.category.DEFAULT" />
252-->[com.stripe:link:20.29.2] AndroidManifest.xml:23:17-76
252-->[com.stripe:link:20.29.2] AndroidManifest.xml:23:27-73
253                <category android:name="android.intent.category.BROWSABLE" />
253-->[com.stripe:link:20.29.2] AndroidManifest.xml:24:17-78
253-->[com.stripe:link:20.29.2] AndroidManifest.xml:24:27-75
254
255                <!-- Must match `DefaultReturnUrl#value`. -->
256                <data
256-->[com.stripe:link:20.29.2] AndroidManifest.xml:26:17-29:51
257                    android:host="payment_return_url"
257-->[com.stripe:link:20.29.2] AndroidManifest.xml:27:21-44
258                    android:path="/com.app.upfrica"
258-->[com.stripe:link:20.29.2] AndroidManifest.xml:28:21-53
259                    android:scheme="stripesdk" />
259-->[com.stripe:link:20.29.2] AndroidManifest.xml:29:21-48
260            </intent-filter>
261        </activity>
262        <activity
262-->[com.stripe:payments-core:20.29.2] AndroidManifest.xml:64:9-67:57
263            android:name="com.stripe.android.payments.core.authentication.threeds2.Stripe3ds2TransactionActivity"
263-->[com.stripe:payments-core:20.29.2] AndroidManifest.xml:65:13-114
264            android:exported="false"
264-->[com.stripe:payments-core:20.29.2] AndroidManifest.xml:66:13-37
265            android:theme="@style/StripeDefaultTheme" />
265-->[com.stripe:payments-core:20.29.2] AndroidManifest.xml:67:13-54
266        <activity
266-->[com.stripe:payments-core:20.29.2] AndroidManifest.xml:68:9-71:66
267            android:name="com.stripe.android.googlepaylauncher.GooglePayLauncherActivity"
267-->[com.stripe:payments-core:20.29.2] AndroidManifest.xml:69:13-90
268            android:exported="false"
268-->[com.stripe:payments-core:20.29.2] AndroidManifest.xml:70:13-37
269            android:theme="@style/StripeGooglePayDefaultTheme" />
269-->[com.stripe:payments-core:20.29.2] AndroidManifest.xml:71:13-63
270        <activity
270-->[com.stripe:payments-core:20.29.2] AndroidManifest.xml:72:9-75:66
271            android:name="com.stripe.android.googlepaylauncher.GooglePayPaymentMethodLauncherActivity"
271-->[com.stripe:payments-core:20.29.2] AndroidManifest.xml:73:13-103
272            android:exported="false"
272-->[com.stripe:payments-core:20.29.2] AndroidManifest.xml:74:13-37
273            android:theme="@style/StripeGooglePayDefaultTheme" />
273-->[com.stripe:payments-core:20.29.2] AndroidManifest.xml:75:13-63
274        <activity
274-->[com.stripe:payments-core:20.29.2] AndroidManifest.xml:76:9-79:68
275            android:name="com.stripe.android.payments.paymentlauncher.PaymentLauncherConfirmationActivity"
275-->[com.stripe:payments-core:20.29.2] AndroidManifest.xml:77:13-107
276            android:exported="false"
276-->[com.stripe:payments-core:20.29.2] AndroidManifest.xml:78:13-37
277            android:theme="@style/StripePayLauncherDefaultTheme" />
277-->[com.stripe:payments-core:20.29.2] AndroidManifest.xml:79:13-65
278        <activity
278-->[com.stripe:payments-core:20.29.2] AndroidManifest.xml:80:9-83:61
279            android:name="com.stripe.android.payments.bankaccount.ui.CollectBankAccountActivity"
279-->[com.stripe:payments-core:20.29.2] AndroidManifest.xml:81:13-97
280            android:exported="false"
280-->[com.stripe:payments-core:20.29.2] AndroidManifest.xml:82:13-37
281            android:theme="@style/StripeTransparentTheme" />
281-->[com.stripe:payments-core:20.29.2] AndroidManifest.xml:83:13-58
282        <activity